TN:
SF:src\__tests__\InscricaoControllerTester.ts
FN:15,(anonymous_7)
FN:27,(anonymous_8)
FN:28,(anonymous_10)
FN:29,(anonymous_11)
FN:29,(anonymous_12)
FN:38,(anonymous_13)
FN:38,(anonymous_14)
FN:46,(anonymous_15)
FN:47,(anonymous_16)
FN:64,(anonymous_17)
FN:64,(anonymous_18)
FN:77,(anonymous_19)
FN:77,(anonymous_20)
FN:91,(anonymous_21)
FN:91,(anonymous_22)
FN:105,(anonymous_23)
FN:106,(anonymous_24)
FN:115,(anonymous_25)
FN:115,(anonymous_26)
FN:123,(anonymous_27)
FN:123,(anonymous_28)
FN:124,(anonymous_29)
FN:133,(anonymous_30)
FN:134,(anonymous_31)
FN:134,(anonymous_32)
FN:144,(anonymous_33)
FN:144,(anonymous_34)
FNF:27
FNH:27
FNDA:1,(anonymous_7)
FNDA:1,(anonymous_8)
FNDA:1,(anonymous_10)
FNDA:1,(anonymous_11)
FNDA:1,(anonymous_12)
FNDA:1,(anonymous_13)
FNDA:1,(anonymous_14)
FNDA:1,(anonymous_15)
FNDA:3,(anonymous_16)
FNDA:1,(anonymous_17)
FNDA:1,(anonymous_18)
FNDA:1,(anonymous_19)
FNDA:1,(anonymous_20)
FNDA:1,(anonymous_21)
FNDA:1,(anonymous_22)
FNDA:1,(anonymous_23)
FNDA:2,(anonymous_24)
FNDA:1,(anonymous_25)
FNDA:1,(anonymous_26)
FNDA:1,(anonymous_27)
FNDA:1,(anonymous_28)
FNDA:1,(anonymous_29)
FNDA:1,(anonymous_30)
FNDA:1,(anonymous_31)
FNDA:1,(anonymous_32)
FNDA:1,(anonymous_33)
FNDA:1,(anonymous_34)
DA:2,1
DA:3,1
DA:4,1
DA:5,1
DA:7,1
DA:9,1
DA:16,1
DA:17,1
DA:22,1
DA:23,1
DA:24,1
DA:28,1
DA:29,1
DA:30,1
DA:31,1
DA:33,1
DA:35,1
DA:36,1
DA:38,1
DA:39,1
DA:40,1
DA:42,1
DA:43,1
DA:46,1
DA:47,1
DA:48,3
DA:62,3
DA:64,1
DA:65,1
DA:67,1
DA:69,1
DA:71,1
DA:72,1
DA:77,1
DA:78,1
DA:83,1
DA:84,1
DA:86,1
DA:88,1
DA:89,1
DA:91,1
DA:92,1
DA:96,1
DA:97,1
DA:99,1
DA:101,1
DA:102,1
DA:105,1
DA:106,1
DA:107,2
DA:115,1
DA:117,1
DA:119,1
DA:120,1
DA:123,1
DA:124,1
DA:125,1
DA:127,1
DA:129,1
DA:130,1
DA:133,1
DA:134,1
DA:135,1
DA:136,1
DA:138,1
DA:140,1
DA:141,1
DA:144,1
DA:145,1
DA:147,1
DA:149,1
DA:150,1
LF:72
LH:72
BRF:0
BRH:0
end_of_record
TN:
SF:src\controllers\InscricaoController.ts
FN:9,(anonymous_7)
FN:13,(anonymous_8)
FN:23,(anonymous_10)
FN:75,(anonymous_12)
FN:85,(anonymous_14)
FNF:5
FNH:5
FNDA:1,(anonymous_7)
FNDA:2,(anonymous_8)
FNDA:3,(anonymous_10)
FNDA:2,(anonymous_12)
FNDA:2,(anonymous_14)
DA:1,1
DA:6,1
DA:10,1
DA:14,2
DA:15,2
DA:16,1
DA:19,1
DA:24,3
DA:25,3
DA:26,3
DA:27,3
DA:29,3
DA:31,3
DA:32,1
DA:33,1
DA:36,2
DA:38,2
DA:39,0
DA:40,0
DA:43,2
DA:45,2
DA:46,0
DA:47,0
DA:50,2
DA:52,2
DA:53,0
DA:54,0
DA:56,2
DA:57,1
DA:58,1
DA:60,1
DA:61,1
DA:62,1
DA:65,0
DA:67,0
DA:71,0
DA:76,2
DA:77,2
DA:78,2
DA:79,1
DA:81,1
DA:86,2
DA:87,2
DA:88,1
DA:91,1
LF:45
LH:36
BRDA:31,0,0,1
BRDA:38,1,0,0
BRDA:45,2,0,0
BRDA:52,3,0,0
BRDA:56,4,0,1
BRDA:60,5,0,1
BRF:6
BRH:3
end_of_record
TN:
SF:src\models\Disciplina.ts
FN:4,(anonymous_0)
FNF:1
FNH:1
FNDA:6,(anonymous_0)
DA:3,2
DA:4,6
LF:2
LH:2
BRF:0
BRH:0
end_of_record
TN:
SF:src\models\Sistema.ts
FN:14,(anonymous_7)
FN:37,(anonymous_8)
FN:53,(anonymous_10)
FN:70,(anonymous_12)
FN:93,(anonymous_14)
FN:125,(anonymous_16)
FN:151,(anonymous_18)
FN:172,(anonymous_20)
FN:201,(anonymous_21)
FN:210,(anonymous_22)
FN:231,(anonymous_23)
FN:240,(anonymous_24)
FNF:12
FNH:0
FNDA:0,(anonymous_7)
FNDA:0,(anonymous_8)
FNDA:0,(anonymous_10)
FNDA:0,(anonymous_12)
FNDA:0,(anonymous_14)
FNDA:0,(anonymous_16)
FNDA:0,(anonymous_18)
FNDA:0,(anonymous_20)
FNDA:0,(anonymous_21)
FNDA:0,(anonymous_22)
FNDA:0,(anonymous_23)
FNDA:0,(anonymous_24)
DA:1,1
DA:3,1
DA:5,1
DA:16,0
DA:18,0
DA:19,0
DA:21,0
DA:22,0
DA:24,0
DA:25,0
DA:26,0
DA:29,0
DA:32,0
DA:33,0
DA:38,0
DA:39,0
DA:41,0
DA:42,0
DA:44,0
DA:45,0
DA:48,0
DA:49,0
DA:54,0
DA:55,0
DA:57,0
DA:58,0
DA:61,0
DA:62,0
DA:65,0
DA:66,0
DA:71,0
DA:72,0
DA:82,0
DA:83,0
DA:86,0
DA:88,0
DA:89,0
DA:94,0
DA:96,0
DA:98,0
DA:99,0
DA:101,0
DA:102,0
DA:105,0
DA:107,0
DA:108,0
DA:109,0
DA:110,0
DA:111,0
DA:114,0
DA:117,0
DA:120,0
DA:121,0
DA:127,0
DA:128,0
DA:140,0
DA:141,0
DA:144,0
DA:146,0
DA:147,0
DA:152,0
DA:153,0
DA:154,0
DA:156,0
DA:157,0
DA:160,0
DA:161,0
DA:162,0
DA:165,0
DA:167,0
DA:168,0
DA:173,0
DA:175,0
DA:177,0
DA:179,0
DA:180,0
DA:183,0
DA:185,0
DA:187,0
DA:188,0
DA:189,0
DA:193,0
DA:194,0
DA:198,0
DA:202,0
DA:203,0
DA:204,0
DA:207,0
DA:212,0
DA:214,0
DA:215,0
DA:216,0
DA:217,0
DA:218,0
DA:225,0
DA:228,0
DA:232,0
DA:233,0
DA:234,0
DA:235,0
DA:237,0
DA:241,0
DA:242,0
DA:243,0
DA:246,0
DA:248,0
DA:251,0
LF:107
LH:3
BRDA:21,0,0,0
BRDA:22,1,0,0
BRDA:25,2,0,0
BRDA:41,3,0,0
BRDA:57,4,0,0
BRDA:82,5,0,0
BRDA:101,6,0,0
BRDA:109,7,0,0
BRDA:109,8,0,0
BRDA:109,8,1,0
BRDA:114,9,0,0
BRDA:140,10,0,0
BRDA:156,11,0,0
BRDA:161,12,0,0
BRDA:179,13,0,0
BRDA:187,14,0,0
BRDA:193,15,0,0
BRDA:203,16,0,0
BRDA:216,17,0,0
BRDA:217,18,0,0
BRDA:217,18,1,0
BRDA:225,19,0,0
BRDA:246,20,0,0
BRDA:246,20,1,0
BRF:24
BRH:0
end_of_record
TN:
SF:src\models\Turma.ts
FN:4,(anonymous_0)
FNF:1
FNH:1
FNDA:4,(anonymous_0)
DA:3,2
DA:5,4
DA:6,4
DA:7,4
DA:8,4
DA:9,4
LF:6
LH:6
BRF:0
BRH:0
end_of_record
